The system is: Linux - 4.14.0-parrot13-amd64 - x86_64
Compiling the CXX compiler identification source file "CMakeCXXCompilerId.cpp" succeeded.
Compiler: /usr/lib/ccache/g++ 
Build flags: 
Id flags:  

The output was:
0


Compilation of the CXX compiler identification source "CMakeCXXCompilerId.cpp" produced "a.out"

The CXX compiler identification is GNU, found in "/home/alejandro/Proyectos/stdvector_visualizer/build/CMakeFiles/3.16.3/CompilerIdCXX/a.out"

Determining if the CXX compiler works passed with the following output:
Change Dir: /home/alejandro/Proyectos/stdvector_visualizer/build/CMakeFiles/CMakeTmp

Run Build Command(s):/usr/bin/make cmTC_fa9a9/fast && /usr/bin/make -f CMakeFiles/cmTC_fa9a9.dir/build.make CMakeFiles/cmTC_fa9a9.dir/build
make[1]: se entra en el directorio '/home/alejandro/Proyectos/stdvector_visualizer/build/CMakeFiles/CMakeTmp'
Building CXX object CMakeFiles/cmTC_fa9a9.dir/testCXXCompiler.cxx.o
/usr/lib/ccache/g++     -o CMakeFiles/cmTC_fa9a9.dir/testCXXCompiler.cxx.o -c /home/alejandro/Proyectos/stdvector_visualizer/build/CMakeFiles/CMakeTmp/testCXXCompiler.cxx
Linking CXX executable cmTC_fa9a9
/usr/bin/cmake -E cmake_link_script CMakeFiles/cmTC_fa9a9.dir/link.txt --verbose=1
/usr/lib/ccache/g++       CMakeFiles/cmTC_fa9a9.dir/testCXXCompiler.cxx.o  -o cmTC_fa9a9 
make[1]: se sale del directorio '/home/alejandro/Proyectos/stdvector_visualizer/build/CMakeFiles/CMakeTmp'



Detecting CXX compiler ABI info compiled with the following output:
Change Dir: /home/alejandro/Proyectos/stdvector_visualizer/build/CMakeFiles/CMakeTmp

Run Build Command(s):/usr/bin/make cmTC_6633f/fast && /usr/bin/make -f CMakeFiles/cmTC_6633f.dir/build.make CMakeFiles/cmTC_6633f.dir/build
make[1]: Entering directory '/home/alejandro/Proyectos/stdvector_visualizer/build/CMakeFiles/CMakeTmp'
Building CXX object CMakeFiles/cmTC_6633f.dir/CMakeCXXCompilerABI.cpp.o
/usr/lib/ccache/g++    -v -o CMakeFiles/cmTC_6633f.dir/CMakeCXXCompilerABI.cpp.o -c /usr/share/cmake-3.16/Modules/CMakeCXXCompilerABI.cpp
Using built-in specs.
COLLECT_GCC=/usr/local/bin/g++
Target: x86_64-pc-linux-gnu
Configured with: ../gcc/configure --disable-multilib --enable-languages=c,c++,go
Thread model: posix
Supported LTO compression algorithms: zlib
gcc version 11.0.0 20200507 (experimental) (GCC) 
COLLECT_GCC_OPTIONS='-v' '-c' '-o' 'CMakeFiles/cmTC_16ccd.dir/CMakeCXXCompilerABI.cpp.o' '-shared-libgcc' '-mtune=generic' '-march=x86-64'
 /usr/local/libexec/gcc/x86_64-pc-linux-gnu/11.0.0/cc1plus -quiet -v -imultiarch x86_64-linux-gnu -D_GNU_SOURCE /usr/share/cmake-3.16/Modules/CMakeCXXCompilerABI.cpp -quiet -dumpbase CMakeCXXCompilerABI.cpp -mtune=generic -march=x86-64 -auxbase-strip CMakeFiles/cmTC_16ccd.dir/CMakeCXXCompilerABI.cpp.o -version -o /tmp/ccngDMd3.s
GNU C++14 (GCC) version 11.0.0 20200507 (experimental) (x86_64-pc-linux-gnu)
	compiled by GNU C version 11.0.0 20200507 (experimental), GMP version 6.2.0, MPFR version 4.0.2, MPC version 1.1.0, isl version none
GGC heuristics: --param ggc-min-expand=30 --param ggc-min-heapsize=4096
ignoring nonexistent directory "/usr/local/include/x86_64-linux-gnu"
ignoring nonexistent directory "/usr/local/lib/gcc/x86_64-pc-linux-gnu/11.0.0/../../../../x86_64-pc-linux-gnu/include"
#include "..." search starts here:
#include <...> search starts here:
 /usr/local/lib/gcc/x86_64-pc-linux-gnu/11.0.0/../../../../include/c++/11.0.0
 /usr/local/lib/gcc/x86_64-pc-linux-gnu/11.0.0/../../../../include/c++/11.0.0/x86_64-pc-linux-gnu
 /usr/local/lib/gcc/x86_64-pc-linux-gnu/11.0.0/../../../../include/c++/11.0.0/backward
 /usr/local/lib/gcc/x86_64-pc-linux-gnu/11.0.0/include
 /usr/local/include
 /usr/local/lib/gcc/x86_64-pc-linux-gnu/11.0.0/include-fixed
 /usr/include/x86_64-linux-gnu
 /usr/include
End of search list.
GNU C++14 (GCC) version 11.0.0 20200507 (experimental) (x86_64-pc-linux-gnu)
	compiled by GNU C version 11.0.0 20200507 (experimental), GMP version 6.2.0, MPFR version 4.0.2, MPC version 1.1.0, isl version none
GGC heuristics: --param ggc-min-expand=30 --param ggc-min-heapsize=4096
Compiler executable checksum: 879e7d5007757f82203f25a489026164
COLLECT_GCC_OPTIONS='-v' '-c' '-o' 'CMakeFiles/cmTC_16ccd.dir/CMakeCXXCompilerABI.cpp.o' '-shared-libgcc' '-mtune=generic' '-march=x86-64'
 as -v --64 -o CMakeFiles/cmTC_16ccd.dir/CMakeCXXCompilerABI.cpp.o /tmp/ccngDMd3.s
GNU assembler version 2.34 (x86_64-linux-gnu) using BFD version (GNU Binutils for Debian) 2.34
COMPILER_PATH=/usr/local/libexec/gcc/x86_64-pc-linux-gnu/11.0.0/:/usr/local/libexec/gcc/x86_64-pc-linux-gnu/11.0.0/:/usr/local/libexec/gcc/x86_64-pc-linux-gnu/:/usr/local/lib/gcc/x86_64-pc-linux-gnu/11.0.0/:/usr/local/lib/gcc/x86_64-pc-linux-gnu/
LIBRARY_PATH=/usr/local/lib/gcc/x86_64-pc-linux-gnu/11.0.0/:/usr/local/lib/gcc/x86_64-pc-linux-gnu/11.0.0/../../../../lib64/:/lib/x86_64-linux-gnu/:/lib/../lib64/:/usr/lib/x86_64-linux-gnu/:/usr/local/lib/gcc/x86_64-pc-linux-gnu/11.0.0/../../../:/lib/:/usr/lib/
COLLECT_GCC_OPTIONS='-v' '-c' '-o' 'CMakeFiles/cmTC_16ccd.dir/CMakeCXXCompilerABI.cpp.o' '-shared-libgcc' '-mtune=generic' '-march=x86-64'
Linking CXX executable cmTC_6633f
/usr/bin/cmake -E cmake_link_script CMakeFiles/cmTC_6633f.dir/link.txt --verbose=1
/usr/lib/ccache/g++      -v CMakeFiles/cmTC_6633f.dir/CMakeCXXCompilerABI.cpp.o  -o cmTC_6633f 
Using built-in specs.
COLLECT_GCC=/usr/local/bin/g++
COLLECT_LTO_WRAPPER=/usr/local/libexec/gcc/x86_64-pc-linux-gnu/11.0.0/lto-wrapper
Target: x86_64-pc-linux-gnu
Configured with: ../gcc/configure --disable-multilib --enable-languages=c,c++,go
Thread model: posix
Supported LTO compression algorithms: zlib
gcc version 11.0.0 20200507 (experimental) (GCC) 
COMPILER_PATH=/usr/local/libexec/gcc/x86_64-pc-linux-gnu/11.0.0/:/usr/local/libexec/gcc/x86_64-pc-linux-gnu/11.0.0/:/usr/local/libexec/gcc/x86_64-pc-linux-gnu/:/usr/local/lib/gcc/x86_64-pc-linux-gnu/11.0.0/:/usr/local/lib/gcc/x86_64-pc-linux-gnu/
LIBRARY_PATH=/usr/local/lib/gcc/x86_64-pc-linux-gnu/11.0.0/:/usr/local/lib/gcc/x86_64-pc-linux-gnu/11.0.0/../../../../lib64/:/lib/x86_64-linux-gnu/:/lib/../lib64/:/usr/lib/x86_64-linux-gnu/:/usr/local/lib/gcc/x86_64-pc-linux-gnu/11.0.0/../../../:/lib/:/usr/lib/
COLLECT_GCC_OPTIONS='-v' '-o' 'cmTC_6633f' '-shared-libgcc' '-mtune=generic' '-march=x86-64'
 /usr/local/libexec/gcc/x86_64-pc-linux-gnu/11.0.0/collect2 -plugin /usr/local/libexec/gcc/x86_64-pc-linux-gnu/11.0.0/liblto_plugin.so -plugin-opt=/usr/local/libexec/gcc/x86_64-pc-linux-gnu/11.0.0/lto-wrapper -plugin-opt=-fresolution=/tmp/ccJs6Of6.res -plugin-opt=-pass-through=-lgcc_s -plugin-opt=-pass-through=-lgcc -plugin-opt=-pass-through=-lc -plugin-opt=-pass-through=-lgcc_s -plugin-opt=-pass-through=-lgcc --eh-frame-hdr -m elf_x86_64 -dynamic-linker /lib64/ld-linux-x86-64.so.2 -o cmTC_6633f /usr/lib/x86_64-linux-gnu/crt1.o /usr/lib/x86_64-linux-gnu/crti.o /usr/local/lib/gcc/x86_64-pc-linux-gnu/11.0.0/crtbegin.o -L/usr/local/lib/gcc/x86_64-pc-linux-gnu/11.0.0 -L/usr/local/lib/gcc/x86_64-pc-linux-gnu/11.0.0/../../../../lib64 -L/lib/x86_64-linux-gnu -L/lib/../lib64 -L/usr/lib/x86_64-linux-gnu -L/usr/local/lib/gcc/x86_64-pc-linux-gnu/11.0.0/../../.. CMakeFiles/cmTC_6633f.dir/CMakeCXXCompilerABI.cpp.o -lstdc++ -lm -lgcc_s -lgcc -lc -lgcc_s -lgcc /usr/local/lib/gcc/x86_64-pc-linux-gnu/11.0.0/crtend.o /usr/lib/x86_64-linux-gnu/crtn.o
COLLECT_GCC_OPTIONS='-v' '-o' 'cmTC_6633f' '-shared-libgcc' '-mtune=generic' '-march=x86-64'
make[1]: Leaving directory '/home/alejandro/Proyectos/stdvector_visualizer/build/CMakeFiles/CMakeTmp'



Parsed CXX implicit include dir info from above output: rv=done
  found start of include info
  found start of implicit include info
    add: [/usr/local/lib/gcc/x86_64-pc-linux-gnu/11.0.0/../../../../include/c++/11.0.0]
    add: [/usr/local/lib/gcc/x86_64-pc-linux-gnu/11.0.0/../../../../include/c++/11.0.0/x86_64-pc-linux-gnu]
    add: [/usr/local/lib/gcc/x86_64-pc-linux-gnu/11.0.0/../../../../include/c++/11.0.0/backward]
    add: [/usr/local/lib/gcc/x86_64-pc-linux-gnu/11.0.0/include]
    add: [/usr/local/include]
    add: [/usr/local/lib/gcc/x86_64-pc-linux-gnu/11.0.0/include-fixed]
    add: [/usr/include/x86_64-linux-gnu]
    add: [/usr/include]
  end of search list found
  collapse include dir [/usr/local/lib/gcc/x86_64-pc-linux-gnu/11.0.0/../../../../include/c++/11.0.0] ==> [/usr/local/include/c++/11.0.0]
  collapse include dir [/usr/local/lib/gcc/x86_64-pc-linux-gnu/11.0.0/../../../../include/c++/11.0.0/x86_64-pc-linux-gnu] ==> [/usr/local/include/c++/11.0.0/x86_64-pc-linux-gnu]
  collapse include dir [/usr/local/lib/gcc/x86_64-pc-linux-gnu/11.0.0/../../../../include/c++/11.0.0/backward] ==> [/usr/local/include/c++/11.0.0/backward]
  collapse include dir [/usr/local/lib/gcc/x86_64-pc-linux-gnu/11.0.0/include] ==> [/usr/local/lib/gcc/x86_64-pc-linux-gnu/11.0.0/include]
  collapse include dir [/usr/local/include] ==> [/usr/local/include]
  collapse include dir [/usr/local/lib/gcc/x86_64-pc-linux-gnu/11.0.0/include-fixed] ==> [/usr/local/lib/gcc/x86_64-pc-linux-gnu/11.0.0/include-fixed]
  collapse include dir [/usr/include/x86_64-linux-gnu] ==> [/usr/include/x86_64-linux-gnu]
  collapse include dir [/usr/include] ==> [/usr/include]
  implicit include dirs: [/usr/local/include/c++/11.0.0;/usr/local/include/c++/11.0.0/x86_64-pc-linux-gnu;/usr/local/include/c++/11.0.0/backward;/usr/local/lib/gcc/x86_64-pc-linux-gnu/11.0.0/include;/usr/local/include;/usr/local/lib/gcc/x86_64-pc-linux-gnu/11.0.0/include-fixed;/usr/include/x86_64-linux-gnu;/usr/include]


Parsed CXX implicit link information from above output:
  link line regex: [^( *|.*[/\])(ld|CMAKE_LINK_STARTFILE-NOTFOUND|([^/\]+-)?ld|collect2)[^/\]*( |$)]
  ignore line: [Change Dir: /home/alejandro/Proyectos/stdvector_visualizer/build/CMakeFiles/CMakeTmp]
  ignore line: []
  ignore line: [Run Build Command(s):/usr/bin/make cmTC_6633f/fast && /usr/bin/make -f CMakeFiles/cmTC_6633f.dir/build.make CMakeFiles/cmTC_6633f.dir/build]
  ignore line: [make[1]: Entering directory '/home/alejandro/Proyectos/stdvector_visualizer/build/CMakeFiles/CMakeTmp']
  ignore line: [Building CXX object CMakeFiles/cmTC_6633f.dir/CMakeCXXCompilerABI.cpp.o]
  ignore line: [/usr/lib/ccache/g++    -v -o CMakeFiles/cmTC_6633f.dir/CMakeCXXCompilerABI.cpp.o -c /usr/share/cmake-3.16/Modules/CMakeCXXCompilerABI.cpp]
  ignore line: [Using built-in specs.]
  ignore line: [COLLECT_GCC=/usr/local/bin/g++]
  ignore line: [Target: x86_64-pc-linux-gnu]
  ignore line: [Configured with: ../gcc/configure --disable-multilib --enable-languages=c c++ go]
  ignore line: [Thread model: posix]
  ignore line: [Supported LTO compression algorithms: zlib]
  ignore line: [gcc version 11.0.0 20200507 (experimental) (GCC) ]
  ignore line: [COLLECT_GCC_OPTIONS='-v' '-c' '-o' 'CMakeFiles/cmTC_16ccd.dir/CMakeCXXCompilerABI.cpp.o' '-shared-libgcc' '-mtune=generic' '-march=x86-64']
  ignore line: [ /usr/local/libexec/gcc/x86_64-pc-linux-gnu/11.0.0/cc1plus -quiet -v -imultiarch x86_64-linux-gnu -D_GNU_SOURCE /usr/share/cmake-3.16/Modules/CMakeCXXCompilerABI.cpp -quiet -dumpbase CMakeCXXCompilerABI.cpp -mtune=generic -march=x86-64 -auxbase-strip CMakeFiles/cmTC_16ccd.dir/CMakeCXXCompilerABI.cpp.o -version -o /tmp/ccngDMd3.s]
  ignore line: [GNU C++14 (GCC) version 11.0.0 20200507 (experimental) (x86_64-pc-linux-gnu)]
  ignore line: [	compiled by GNU C version 11.0.0 20200507 (experimental)  GMP version 6.2.0  MPFR version 4.0.2  MPC version 1.1.0  isl version none]
  ignore line: [GGC heuristics: --param ggc-min-expand=30 --param ggc-min-heapsize=4096]
  ignore line: [ignoring nonexistent directory "/usr/local/include/x86_64-linux-gnu"]
  ignore line: [ignoring nonexistent directory "/usr/local/lib/gcc/x86_64-pc-linux-gnu/11.0.0/../../../../x86_64-pc-linux-gnu/include"]
  ignore line: [#include "..." search starts here:]
  ignore line: [#include <...> search starts here:]
  ignore line: [ /usr/local/lib/gcc/x86_64-pc-linux-gnu/11.0.0/../../../../include/c++/11.0.0]
  ignore line: [ /usr/local/lib/gcc/x86_64-pc-linux-gnu/11.0.0/../../../../include/c++/11.0.0/x86_64-pc-linux-gnu]
  ignore line: [ /usr/local/lib/gcc/x86_64-pc-linux-gnu/11.0.0/../../../../include/c++/11.0.0/backward]
  ignore line: [ /usr/local/lib/gcc/x86_64-pc-linux-gnu/11.0.0/include]
  ignore line: [ /usr/local/include]
  ignore line: [ /usr/local/lib/gcc/x86_64-pc-linux-gnu/11.0.0/include-fixed]
  ignore line: [ /usr/include/x86_64-linux-gnu]
  ignore line: [ /usr/include]
  ignore line: [End of search list.]
  ignore line: [GNU C++14 (GCC) version 11.0.0 20200507 (experimental) (x86_64-pc-linux-gnu)]
  ignore line: [	compiled by GNU C version 11.0.0 20200507 (experimental)  GMP version 6.2.0  MPFR version 4.0.2  MPC version 1.1.0  isl version none]
  ignore line: [GGC heuristics: --param ggc-min-expand=30 --param ggc-min-heapsize=4096]
  ignore line: [Compiler executable checksum: 879e7d5007757f82203f25a489026164]
  ignore line: [COLLECT_GCC_OPTIONS='-v' '-c' '-o' 'CMakeFiles/cmTC_16ccd.dir/CMakeCXXCompilerABI.cpp.o' '-shared-libgcc' '-mtune=generic' '-march=x86-64']
  ignore line: [ as -v --64 -o CMakeFiles/cmTC_16ccd.dir/CMakeCXXCompilerABI.cpp.o /tmp/ccngDMd3.s]
  ignore line: [GNU assembler version 2.34 (x86_64-linux-gnu) using BFD version (GNU Binutils for Debian) 2.34]
  ignore line: [COMPILER_PATH=/usr/local/libexec/gcc/x86_64-pc-linux-gnu/11.0.0/:/usr/local/libexec/gcc/x86_64-pc-linux-gnu/11.0.0/:/usr/local/libexec/gcc/x86_64-pc-linux-gnu/:/usr/local/lib/gcc/x86_64-pc-linux-gnu/11.0.0/:/usr/local/lib/gcc/x86_64-pc-linux-gnu/]
  ignore line: [LIBRARY_PATH=/usr/local/lib/gcc/x86_64-pc-linux-gnu/11.0.0/:/usr/local/lib/gcc/x86_64-pc-linux-gnu/11.0.0/../../../../lib64/:/lib/x86_64-linux-gnu/:/lib/../lib64/:/usr/lib/x86_64-linux-gnu/:/usr/local/lib/gcc/x86_64-pc-linux-gnu/11.0.0/../../../:/lib/:/usr/lib/]
  ignore line: [COLLECT_GCC_OPTIONS='-v' '-c' '-o' 'CMakeFiles/cmTC_16ccd.dir/CMakeCXXCompilerABI.cpp.o' '-shared-libgcc' '-mtune=generic' '-march=x86-64']
  ignore line: [Linking CXX executable cmTC_6633f]
  ignore line: [/usr/bin/cmake -E cmake_link_script CMakeFiles/cmTC_6633f.dir/link.txt --verbose=1]
  ignore line: [/usr/lib/ccache/g++      -v CMakeFiles/cmTC_6633f.dir/CMakeCXXCompilerABI.cpp.o  -o cmTC_6633f ]
  ignore line: [Using built-in specs.]
  ignore line: [COLLECT_GCC=/usr/local/bin/g++]
  ignore line: [COLLECT_LTO_WRAPPER=/usr/local/libexec/gcc/x86_64-pc-linux-gnu/11.0.0/lto-wrapper]
  ignore line: [Target: x86_64-pc-linux-gnu]
  ignore line: [Configured with: ../gcc/configure --disable-multilib --enable-languages=c c++ go]
  ignore line: [Thread model: posix]
  ignore line: [Supported LTO compression algorithms: zlib]
  ignore line: [gcc version 11.0.0 20200507 (experimental) (GCC) ]
  ignore line: [COMPILER_PATH=/usr/local/libexec/gcc/x86_64-pc-linux-gnu/11.0.0/:/usr/local/libexec/gcc/x86_64-pc-linux-gnu/11.0.0/:/usr/local/libexec/gcc/x86_64-pc-linux-gnu/:/usr/local/lib/gcc/x86_64-pc-linux-gnu/11.0.0/:/usr/local/lib/gcc/x86_64-pc-linux-gnu/]
  ignore line: [LIBRARY_PATH=/usr/local/lib/gcc/x86_64-pc-linux-gnu/11.0.0/:/usr/local/lib/gcc/x86_64-pc-linux-gnu/11.0.0/../../../../lib64/:/lib/x86_64-linux-gnu/:/lib/../lib64/:/usr/lib/x86_64-linux-gnu/:/usr/local/lib/gcc/x86_64-pc-linux-gnu/11.0.0/../../../:/lib/:/usr/lib/]
  ignore line: [COLLECT_GCC_OPTIONS='-v' '-o' 'cmTC_6633f' '-shared-libgcc' '-mtune=generic' '-march=x86-64']
  link line: [ /usr/local/libexec/gcc/x86_64-pc-linux-gnu/11.0.0/collect2 -plugin /usr/local/libexec/gcc/x86_64-pc-linux-gnu/11.0.0/liblto_plugin.so -plugin-opt=/usr/local/libexec/gcc/x86_64-pc-linux-gnu/11.0.0/lto-wrapper -plugin-opt=-fresolution=/tmp/ccJs6Of6.res -plugin-opt=-pass-through=-lgcc_s -plugin-opt=-pass-through=-lgcc -plugin-opt=-pass-through=-lc -plugin-opt=-pass-through=-lgcc_s -plugin-opt=-pass-through=-lgcc --eh-frame-hdr -m elf_x86_64 -dynamic-linker /lib64/ld-linux-x86-64.so.2 -o cmTC_6633f /usr/lib/x86_64-linux-gnu/crt1.o /usr/lib/x86_64-linux-gnu/crti.o /usr/local/lib/gcc/x86_64-pc-linux-gnu/11.0.0/crtbegin.o -L/usr/local/lib/gcc/x86_64-pc-linux-gnu/11.0.0 -L/usr/local/lib/gcc/x86_64-pc-linux-gnu/11.0.0/../../../../lib64 -L/lib/x86_64-linux-gnu -L/lib/../lib64 -L/usr/lib/x86_64-linux-gnu -L/usr/local/lib/gcc/x86_64-pc-linux-gnu/11.0.0/../../.. CMakeFiles/cmTC_6633f.dir/CMakeCXXCompilerABI.cpp.o -lstdc++ -lm -lgcc_s -lgcc -lc -lgcc_s -lgcc /usr/local/lib/gcc/x86_64-pc-linux-gnu/11.0.0/crtend.o /usr/lib/x86_64-linux-gnu/crtn.o]
    arg [/usr/local/libexec/gcc/x86_64-pc-linux-gnu/11.0.0/collect2] ==> ignore
    arg [-plugin] ==> ignore
    arg [/usr/local/libexec/gcc/x86_64-pc-linux-gnu/11.0.0/liblto_plugin.so] ==> ignore
    arg [-plugin-opt=/usr/local/libexec/gcc/x86_64-pc-linux-gnu/11.0.0/lto-wrapper] ==> ignore
    arg [-plugin-opt=-fresolution=/tmp/ccJs6Of6.res] ==> ignore
    arg [-plugin-opt=-pass-through=-lgcc_s] ==> ignore
    arg [-plugin-opt=-pass-through=-lgcc] ==> ignore
    arg [-plugin-opt=-pass-through=-lc] ==> ignore
    arg [-plugin-opt=-pass-through=-lgcc_s] ==> ignore
    arg [-plugin-opt=-pass-through=-lgcc] ==> ignore
    arg [--eh-frame-hdr] ==> ignore
    arg [-m] ==> ignore
    arg [elf_x86_64] ==> ignore
    arg [-dynamic-linker] ==> ignore
    arg [/lib64/ld-linux-x86-64.so.2] ==> ignore
    arg [-o] ==> ignore
    arg [cmTC_6633f] ==> ignore
    arg [/usr/lib/x86_64-linux-gnu/crt1.o] ==> ignore
    arg [/usr/lib/x86_64-linux-gnu/crti.o] ==> ignore
    arg [/usr/local/lib/gcc/x86_64-pc-linux-gnu/11.0.0/crtbegin.o] ==> ignore
    arg [-L/usr/local/lib/gcc/x86_64-pc-linux-gnu/11.0.0] ==> dir [/usr/local/lib/gcc/x86_64-pc-linux-gnu/11.0.0]
    arg [-L/usr/local/lib/gcc/x86_64-pc-linux-gnu/11.0.0/../../../../lib64] ==> dir [/usr/local/lib/gcc/x86_64-pc-linux-gnu/11.0.0/../../../../lib64]
    arg [-L/lib/x86_64-linux-gnu] ==> dir [/lib/x86_64-linux-gnu]
    arg [-L/lib/../lib64] ==> dir [/lib/../lib64]
    arg [-L/usr/lib/x86_64-linux-gnu] ==> dir [/usr/lib/x86_64-linux-gnu]
    arg [-L/usr/local/lib/gcc/x86_64-pc-linux-gnu/11.0.0/../../..] ==> dir [/usr/local/lib/gcc/x86_64-pc-linux-gnu/11.0.0/../../..]
    arg [CMakeFiles/cmTC_6633f.dir/CMakeCXXCompilerABI.cpp.o] ==> ignore
    arg [-lstdc++] ==> lib [stdc++]
    arg [-lm] ==> lib [m]
    arg [-lgcc_s] ==> lib [gcc_s]
    arg [-lgcc] ==> lib [gcc]
    arg [-lc] ==> lib [c]
    arg [-lgcc_s] ==> lib [gcc_s]
    arg [-lgcc] ==> lib [gcc]
    arg [/usr/local/lib/gcc/x86_64-pc-linux-gnu/11.0.0/crtend.o] ==> ignore
    arg [/usr/lib/x86_64-linux-gnu/crtn.o] ==> ignore
  collapse library dir [/usr/local/lib/gcc/x86_64-pc-linux-gnu/11.0.0] ==> [/usr/local/lib/gcc/x86_64-pc-linux-gnu/11.0.0]
  collapse library dir [/usr/local/lib/gcc/x86_64-pc-linux-gnu/11.0.0/../../../../lib64] ==> [/usr/local/lib64]
  collapse library dir [/lib/x86_64-linux-gnu] ==> [/lib/x86_64-linux-gnu]
  collapse library dir [/lib/../lib64] ==> [/lib64]
  collapse library dir [/usr/lib/x86_64-linux-gnu] ==> [/usr/lib/x86_64-linux-gnu]
  collapse library dir [/usr/local/lib/gcc/x86_64-pc-linux-gnu/11.0.0/../../..] ==> [/usr/local/lib]
  implicit libs: [stdc++;m;gcc_s;gcc;c;gcc_s;gcc]
  implicit dirs: [/usr/local/lib/gcc/x86_64-pc-linux-gnu/11.0.0;/usr/local/lib64;/lib/x86_64-linux-gnu;/lib64;/usr/lib/x86_64-linux-gnu;/usr/local/lib]
  implicit fwks: []


